emulator: autoconfig: -skin 1920x1200
emulator: autoconfig: -skindir (null)
emulator: VERBOSE: IniFile.cpp:518: Malformed DiskSize value 512 MB for key sdcard.size
emulator: autoconfig: -kernel /Users/davidfudge/Library/Android/sdk/system-images/android-29/google_apis/x86//kernel-ranchu-64
emulator: Target arch = 'x86'
emulator: Auto-config: -qemu -cpu qemu32
emulator: Auto-detect: Kernel image requires new device naming scheme.
emulator: Auto-detect: Kernel does not support YAFFS2 partitions.
emulator: autoconfig: -ramdisk /Users/davidfudge/Library/Android/sdk/system-images/android-29/google_apis/x86//ramdisk.img
emulator: Using initial system image: /Users/davidfudge/Library/Android/sdk/system-images/android-29/google_apis/x86//system.img
emulator: Using initial vendor image: /Users/davidfudge/Library/Android/sdk/system-images/android-29/google_apis/x86//vendor.img
emulator: autoconfig: -data /Users/davidfudge/.android/avd/Nexus_7_API_29.avd/userdata-qemu.img
emulator: autoconfig: -initdata /Users/davidfudge/.android/avd/Nexus_7_API_29.avd/userdata.img
emulator: autoconfig: -cache /Users/davidfudge/.android/avd/Nexus_7_API_29.avd/cache.img
emulator: Increasing RAM size to 2048MB
emulator: VM heap size 128MB is below hardware specified minimum of 512MB,setting it to that value
emulator: System image is read only
emulator: Found 1 DNS servers: 192.168.50.1
emulator: found magic skin width=1920 height=1200 bpp=16

emulator: registered 'boot-properties' qemud service
emulator: Adding boot property: 'qemu.cmdline' = 'androidboot.logcat=v:* androidboot.consolepipe=qemu_pipe,pipe:logcat'
emulator: Adding boot property: 'qemu.logcat' = 'start'
emulator: CPU Acceleration: working
emulator: CPU Acceleration status: HAXM version 7.5.1 (4) is installed and usable.
emulator: VERBOSE: AdbInterface.cpp:232: Found: 3 adb executables
emulator: VERBOSE: AdbInterface.cpp:234: Adb: /Users/davidfudge/Library/Android/sdk/platform-tools/adb
emulator: VERBOSE: AdbInterface.cpp:234: Adb: /Users/davidfudge/Library/Android/sdk/platform-tools/adb
emulator: VERBOSE: AdbInterface.cpp:234: Adb: /Users/davidfudge/Library/Android/sdk/platform-tools/adb
emulator: VERBOSE: AdbInterface.cpp:253: Path:/Users/davidfudge/Library/Android/sdk/platform-tools/adb protocol version: 41
emulator: VERBOSE: AdbInterface.cpp:253: Path:/Users/davidfudge/Library/Android/sdk/platform-tools/adb protocol version: 41
emulator: VERBOSE: AdbInterface.cpp:253: Path:/Users/davidfudge/Library/Android/sdk/platform-tools/adb protocol version: 41
emulator: GPU emulation enabled using 'host' mode
emulator: Initializing hardware OpenGLES emulation support
emulator: Found 1 DNS servers: 192.168.50.1
Content of hardware configuration file:
  hw.cpu.arch = x86
  hw.cpu.model = qemu32
  hw.cpu.ncore = 4
  hw.ramSize = 2048
  hw.screen = multi-touch
  hw.mainKeys = false
  hw.trackBall = false
  hw.keyboard = true
  hw.keyboard.lid = false
  hw.keyboard.charmap = qwerty2
  hw.dPad = false
  hw.rotaryInput = false
  hw.gsmModem = true
  hw.gps = true
  hw.battery = true
  hw.accelerometer = true
  hw.gyroscope = true
  hw.audioInput = true
  hw.audioOutput = true
  hw.sdCard = false
  disk.cachePartition = true
  disk.cachePartition.path = /Users/davidfudge/.android/avd/Nexus_7_API_29.avd/cache.img
  disk.cachePartition.size = 66m
  test.quitAfterBootTimeOut = -1
  test.delayAdbTillBootComplete = 0
  test.monitorAdb = 0
  hw.lcd.width = 1920
  hw.lcd.height = 1200
  hw.lcd.depth = 16
  hw.lcd.density = 320
  hw.lcd.backlight = true
  hw.displayRegion.0.1.xOffset = -1
  hw.displayRegion.0.1.yOffset = -1
  hw.displayRegion.0.1.width = 0
  hw.displayRegion.0.1.height = 0
  hw.fold.adjust = false
  hw.gpu.enabled = true
  hw.gpu.mode = host
  hw.initialOrientation = landscape
  hw.camera.back = virtualscene
  hw.camera.front = emulated
  vm.heapSize = 512
  hw.sensors.light = true
  hw.sensors.pressure = true
  hw.sensors.humidity = true
  hw.sensors.proximity = false
  hw.sensors.magnetic_field = true
  hw.sensors.magnetic_field_uncalibrated = true
  hw.sensors.gyroscope_uncalibrated = true
  hw.sensors.orientation = true
  hw.sensors.temperature = true
  hw.useext4 = true
  hw.arc = false
  hw.arc.autologin = false
  kernel.path = /Users/davidfudge/Library/Android/sdk/system-images/android-29/google_apis/x86//kernel-ranchu-64
  kernel.newDeviceNaming = yes
  kernel.supportsYaffs2 = no
  disk.ramdisk.path = /Users/davidfudge/Library/Android/sdk/system-images/android-29/google_apis/x86//ramdisk.img
  disk.systemPartition.initPath = /Users/davidfudge/Library/Android/sdk/system-images/android-29/google_apis/x86//system.img
  disk.systemPartition.size = 3083m
  disk.vendorPartition.initPath = /Users/davidfudge/Library/Android/sdk/system-images/android-29/google_apis/x86//vendor.img
  disk.vendorPartition.size = 800m
  disk.dataPartition.path = /Users/davidfudge/.android/avd/Nexus_7_API_29.avd/userdata-qemu.img
  disk.dataPartition.size = 800m
  disk.encryptionKeyPartition.path = /Users/davidfudge/.android/avd/Nexus_7_API_29.avd/encryptionkey.img
  PlayStore.enabled = false
  avd.name = Nexus_7_API_29
  fastboot.forceColdBoot = false
.
QEMU options list:
emulator: argv[00] = "/Users/davidfudge/Library/Android/sdk/emulator/qemu/darwin-x86_64/qemu-system-x86_64"
emulator: argv[01] = "-dns-server"
emulator: argv[02] = "192.168.50.1"
emulator: argv[03] = "-no-audio"
emulator: argv[04] = "-mem-path"
emulator: argv[05] = "/Users/davidfudge/.android/avd/Nexus_7_API_29.avd/snapshots/default_boot/ram.img"
emulator: argv[06] = "-mem-file-shared"
emulator: argv[07] = "-serial"
emulator: argv[08] = "null"
emulator: argv[09] = "-device"
emulator: argv[10] = "goldfish_pstore,addr=0xff018000,size=0x10000,file=/Users/davidfudge/.android/avd/Nexus_7_API_29.avd/data/misc/pstore/pstore.bin"
emulator: argv[11] = "-cpu"
emulator: argv[12] = "android64"
emulator: argv[13] = "-enable-hvf"
emulator: argv[14] = "-smp"
emulator: argv[15] = "cores=4"
emulator: argv[16] = "-m"
emulator: argv[17] = "2048"
emulator: argv[18] = "-lcd-density"
emulator: argv[19] = "320"
emulator: argv[20] = "-nodefaults"
emulator: argv[21] = "-kernel"
emulator: argv[22] = "/Users/davidfudge/Library/Android/sdk/system-images/android-29/google_apis/x86//kernel-ranchu-64"
emulator: argv[23] = "-initrd"
emulator: argv[24] = "/Users/davidfudge/Library/Android/sdk/system-images/android-29/google_apis/x86//ramdisk.img"
emulator: argv[25] = "-drive"
emulator: argv[26] = "if=none,index=0,id=system,file=/Users/davidfudge/Library/Android/sdk/system-images/android-29/google_apis/x86//system.img,read-only"
emulator: argv[27] = "-device"
emulator: argv[28] = "virtio-blk-pci,drive=system,modern-pio-notify"
emulator: argv[29] = "-drive"
emulator: argv[30] = "if=none,index=1,id=cache,file=/Users/davidfudge/.android/avd/Nexus_7_API_29.avd/cache.img.qcow2,overlap-check=none,cache=unsafe,l2-cache-size=1048576"
emulator: argv[31] = "-device"
emulator: argv[32] = "virtio-blk-pci,drive=cache,modern-pio-notify"
emulator: argv[33] = "-drive"
emulator: argv[34] = "if=none,index=2,id=userdata,file=/Users/davidfudge/.android/avd/Nexus_7_API_29.avd/userdata-qemu.img.qcow2,overlap-check=none,cache=unsafe,l2-cache-size=1048576"
emulator: argv[35] = "-device"
emulator: argv[36] = "virtio-blk-pci,drive=userdata,modern-pio-notify"
emulator: argv[37] = "-drive"
emulator: argv[38] = "if=none,index=3,id=encrypt,file=/Users/davidfudge/.android/avd/Nexus_7_API_29.avd/encryptionkey.img.qcow2,overlap-check=none,cache=unsafe,l2-cache-size=1048576"
emulator: argv[39] = "-device"
emulator: argv[40] = "virtio-blk-pci,drive=encrypt,modern-pio-notify"
emulator: argv[41] = "-drive"
emulator: argv[42] = "if=none,index=4,id=vendor,file=/Users/davidfudge/Library/Android/sdk/system-images/android-29/google_apis/x86//vendor.img,read-only"
emulator: argv[43] = "-device"
emulator: argv[44] = "virtio-blk-pci,drive=vendor,modern-pio-notify"
emulator: argv[45] = "-netdev"
emulator: argv[46] = "user,id=mynet"
emulator: argv[47] = "-device"
emulator: argv[48] = "virtio-net-pci,netdev=mynet"
emulator: argv[49] = "-device"
emulator: argv[50] = "virtio-rng-pci"
emulator: argv[51] = "-show-cursor"
emulator: argv[52] = "-L"
emulator: argv[53] = "/Users/davidfudge/Library/Android/sdk/emulator/lib/pc-bios"
emulator: argv[54] = "-soundhw"
emulator: argv[55] = "hda"
emulator: argv[56] = "-vga"
emulator: argv[57] = "none"
emulator: argv[58] = "-append"
emulator: argv[59] = "qemu=1 no_timer_check androidboot.hardware=ranchu androidboot.serialno=EMULATOR29X0X11X0 clocksource=pit no-kvmclock android.qemud=1 console=0 android.checkjni=1 qemu.gles=1 qemu.settings.system.screen_off_timeout=2147483647 qemu.encrypt=1 qemu.opengles.version=196608 qemu.uirenderer=skiagl cma=292M@0-4G qemu.wifi=1 mac80211_hwsim.channels=2 loop.max_part=7 androidboot.vbmeta.size=4352 androidboot.vbmeta.hash_alg=sha256 androidboot.vbmeta.digest=c14a6ac6a9806cc55c56c84edaefaaaab73d66430d364e2d7b86a0b2dfcc6456 androidboot.boot_devices=pci0000:00/0000:00:03.0 ramoops.mem_address=0xff018000 ramoops.mem_size=0x10000 memmap=0x10000$0xff018000 qemu.dalvik.vm.heapsize=512m"
emulator: argv[60] = "-android-hw"
emulator: argv[61] = "/Users/davidfudge/.android/avd/Nexus_7_API_29.avd/hardware-qemu.ini"
Concatenated QEMU options:
 /Users/davidfudge/Library/Android/sdk/emulator/qemu/darwin-x86_64/qemu-system-x86_64 -dns-server 192.168.50.1 -no-audio -mem-path /Users/davidfudge/.android/avd/Nexus_7_API_29.avd/snapshots/default_boot/ram.img -mem-file-shared -serial null -device goldfish_pstore,addr=0xff018000,size=0x10000,file=/Users/davidfudge/.android/avd/Nexus_7_API_29.avd/data/misc/pstore/pstore.bin -cpu android64 -enable-hvf -smp cores=4 -m 2048 -lcd-density 320 -nodefaults -kernel /Users/davidfudge/Library/Android/sdk/system-images/android-29/google_apis/x86//kernel-ranchu-64 -initrd /Users/davidfudge/Library/Android/sdk/system-images/android-29/google_apis/x86//ramdisk.img -drive if=none,index=0,id=system,file=/Users/davidfudge/Library/Android/sdk/system-images/android-29/google_apis/x86//system.img,read-only -device virtio-blk-pci,drive=system,modern-pio-notify -drive if=none,index=1,id=cache,file=/Users/davidfudge/.android/avd/Nexus_7_API_29.avd/cache.img.qcow2,overlap-check=none,cache=unsafe,l2-cache-size=1048576 -device virtio-blk-pci,drive=cache,modern-pio-notify -drive if=none,index=2,id=userdata,file=/Users/davidfudge/.android/avd/Nexus_7_API_29.avd/userdata-qemu.img.qcow2,overlap-check=none,cache=unsafe,l2-cache-size=1048576 -device virtio-blk-pci,drive=userdata,modern-pio-notify -drive if=none,index=3,id=encrypt,file=/Users/davidfudge/.android/avd/Nexus_7_API_29.avd/encryptionkey.img.qcow2,overlap-check=none,cache=unsafe,l2-cache-size=1048576 -device virtio-blk-pci,drive=encrypt,modern-pio-notify -drive if=none,index=4,id=vendor,file=/Users/davidfudge/Library/Android/sdk/system-images/android-29/google_apis/x86//vendor.img,read-only -device virtio-blk-pci,drive=vendor,modern-pio-notify -netdev user,id=mynet -device virtio-net-pci,netdev=mynet -device virtio-rng-pci -show-cursor -L /Users/davidfudge/Library/Android/sdk/emulator/lib/pc-bios -soundhw hda -vga none -append 'qemu=1 no_timer_check androidboot.hardware=ranchu androidboot.serialno=EMULATOR29X0X11X0 clocksource=pit no-kvmclock android.qemud=1 console=0 android.checkjni=1 qemu.gles=1 qemu.settings.system.screen_off_timeout=2147483647 qemu.encrypt=1 qemu.opengles.version=196608 qemu.uirenderer=skiagl cma=292M@0-4G qemu.wifi=1 mac80211_hwsim.channels=2 loop.max_part=7 androidboot.vbmeta.size=4352 androidboot.vbmeta.hash_alg=sha256 androidboot.vbmeta.digest=c14a6ac6a9806cc55c56c84edaefaaaab73d66430d364e2d7b86a0b2dfcc6456 androidboot.boot_devices=pci0000:00/0000:00:03.0 ramoops.mem_address=0xff018000 ramoops.mem_size=0x10000 memmap=0x10000$0xff018000 qemu.dalvik.vm.heapsize=512m' -android-hw /Users/davidfudge/.android/avd/Nexus_7_API_29.avd/hardware-qemu.ini
emulator: Android qemu version 29.0.11.0 (build_id 5598178) (CL:N/A)

emulator: Starting QEMU main loop
emulator: Adding boot property: 'ro.opengles.version' = '196608'
emulator: Adding boot property: 'qemu.sf.fake_camera' = 'front'
emulator: Adding boot property: 'dalvik.vm.heapsize' = '512m'
emulator: Adding boot property: 'qemu.hw.mainkeys' = '0'
emulator: Adding boot property: 'qemu.sf.lcd_density' = '320'
emulator: goldfish_events.have-dpad: false
emulator: goldfish_events.have-trackball: false
emulator: goldfish_events.have-camera: true
emulator: goldfish_events.have-keyboard: true
emulator: goldfish_events.have-lidswitch: false
emulator: goldfish_events.have-tabletmode: false
emulator: goldfish_events.have-touch: false
emulator: goldfish_events.have-multitouch: true
emulator: control console listening on port 5554, ADB on port 5555
Not using any http proxy
emulator: Adding boot property: 'qemu.timezone' = 'America/Toronto'
emulator: android_hw_fingerprint_init: fingerprint qemud listen service initialized

emulator: emulator_window_fb_rotate

emulator: No acpi ini file provided, using default

emulator: Adding boot property: 'qemu.cmdline' = 'androidboot.logcat=v:* androidboot.consolepipe=qemu_pipe,pipe:logcat'
emulator: Adding boot property: 'qemu.logcat' = 'start'
emulator: Adding boot property: 'ro.opengles.version' = '196608'
emulator: Adding boot property: 'qemu.sf.fake_camera' = 'front'
emulator: Adding boot property: 'dalvik.vm.heapsize' = '512m'
emulator: Adding boot property: 'qemu.hw.mainkeys' = '0'
emulator: Adding boot property: 'qemu.sf.lcd_density' = '320'
emulator: Adding boot property: 'qemu.timezone' = 'America/Toronto'
emulator: _hwFingerprint_connect: connect finger print listen is called

Your emulator is out of date, please update by launching Android Studio:
 - Start Android Studio
 - Select menu "Tools > Android > SDK Manager"
 - Click "SDK Tools" tab
 - Check "Android Emulator" checkbox
 - Click "OK"

emulator: onGuestSendCommand: [0x7fc3ee844800] Adb connected, start proxing data
